2015-06-05 17:48:32,166 INFO  [CreateUserTest] ########## Scenario_01_SignInTest ########## 
2015-06-05 17:48:44,825 INFO  [CreateUserTest] New driver instantiated 
2015-06-05 17:48:44,894 INFO  [CreateUserTest] Implicit wait applied on the driver for 10 seconds 
2015-06-05 17:48:52,248 INFO  [SignInAction] Username entered in the Username text box 
2015-06-05 17:48:53,221 INFO  [SignInAction] Password entered in the Password text box 
2015-06-05 17:48:57,963 INFO  [SignInAction] Click action performed on Sign In button 
2015-06-05 17:48:58,148 INFO  [SignInAction] Sign in Successfully 
2015-06-05 17:48:59,584 INFO  [HomePageAction] Click action performed on Log out link 
2015-06-05 17:48:59,848 INFO  [CreateUserTest] ########## Scenario_02_CreateUserTest ########## 
2015-06-05 17:49:28,041 INFO  [CreateUserTest] New driver instantiated 
2015-06-05 17:49:28,114 INFO  [CreateUserTest] Implicit wait applied on the driver for 10 seconds 
2015-06-05 17:49:36,457 INFO  [SignInAction] Username entered in the Username text box 
2015-06-05 17:49:37,734 INFO  [SignInAction] Password entered in the Password text box 
2015-06-05 17:49:41,328 INFO  [SignInAction] Click action performed on Sign In button 
2015-06-05 17:49:41,528 INFO  [SignInAction] Sign in Successfully 
2015-06-05 17:49:42,227 INFO  [HomePageAction] Click action performed on Create New Employee link 
2015-06-05 17:49:42,449 INFO  [NewUserAction] James entered in the FirstName text box 
2015-06-05 17:49:42,678 INFO  [NewUserAction] Smith entered in the Lastname text box 
2015-06-05 17:49:42,902 INFO  [NewUserAction] newuseremail@mailinator.com entered in the Email text box 
2015-06-05 17:49:43,115 INFO  [NewUserAction] 1234567890 entered in the Identification text box 
2015-06-05 17:49:43,185 INFO  [NewUserPage] Leader Name text box found 
2015-06-05 17:49:43,435 INFO  [NewUserAction] Gaston Mugas entered in the LeaderName text box 
2015-06-05 17:49:44,086 INFO  [NewUserAction] Year entered in the Year dropdown box 
2015-06-05 17:49:44,738 INFO  [NewUserAction] Month entered in the Month dropdown box 
2015-06-05 17:49:45,372 INFO  [NewUserAction] Day entered in the Month dropdown box 
2015-06-05 17:49:45,372 INFO  [NewUserAction] Create new user form filled 
2015-06-05 17:49:45,432 INFO  [NewUserPage] Create Employee Button found 
2015-06-05 17:49:46,672 INFO  [NewUserAction] Click action performed on Create Employee button 
2015-06-05 17:49:46,883 INFO  [EmployeeInformationAction] New Employee successfully created 
2015-06-05 17:49:49,181 INFO  [EmployeeInformationAction] Click action performed on Log Out link 
2015-06-05 17:49:49,567 INFO  [GetUserTest] ########## Scenario_03_GetUserTest ########## 
2015-06-05 17:49:59,273 INFO  [GetUserTest] New driver instantiated 
2015-06-05 17:49:59,346 INFO  [GetUserTest] Implicit wait applied on the driver for 10 seconds 
2015-06-05 17:50:11,322 INFO  [GetUserAction] Username entered in the Username text box 
2015-06-05 17:50:12,813 INFO  [GetUserAction] Click action performed on FindEmployee button 
2015-06-05 17:50:13,015 INFO  [GetUserAction] User Found 
2015-06-05 17:50:13,296 INFO  [DeleteUserTest] ########## Scenario_04_DeleteUserTest ########## 
2015-06-05 17:50:22,494 INFO  [DeleteUserTest] New driver instantiated 
2015-06-05 17:50:22,563 INFO  [DeleteUserTest] Implicit wait applied on the driver for 10 seconds 
2015-06-05 17:50:37,569 INFO  [SignInAction] Username entered in the Username text box 
2015-06-05 17:50:38,657 INFO  [SignInAction] Password entered in the Password text box 
2015-06-05 17:50:41,888 INFO  [SignInAction] Click action performed on Sign In button 
2015-06-05 17:50:42,084 INFO  [SignInAction] Sign in Successfully 
2015-06-05 17:50:42,145 INFO  [HomePageAction] The Employee number is: 1 
2015-06-05 17:50:42,909 INFO  [HomePageAction] Employee from row 2 with Information JamesSmith1234567890 matches with the Employee to delete information JamesSmith1234567890 and it will be deleted 
2015-06-05 17:50:42,909 INFO  [HomePageAction] Employee from row 2 with Information JamesSmith1234567890 was deleted successfully 
2015-06-05 17:50:42,909 INFO  [HomePageAction] There are no more employees to review / delete matching the description 
2015-06-05 17:50:45,157 INFO  [HomePageAction] Click action performed on Log out link 
